<?xml version="1.0" encoding="UTF-8"?>
<testng-results ignored="0" total="1" passed="1" failed="0" skipped="0">
  <reporter-output>
  </reporter-output>
  <suite started-at="2019-08-08T10:00:52Z" name="Default suite" finished-at="2019-08-08T10:02:47Z" duration-ms="115713">
    <groups>
    </groups>
    <test started-at="2019-08-08T10:00:52Z" name="Default test" finished-at="2019-08-08T10:02:47Z" duration-ms="115713">
      <class name="com.testautomation.TestRunner.TestRunner">
        <test-method is-config="true" signature="setUpClass()[pri:0, instance:com.testautomation.TestRunner.TestRunner@6293abcc]" started-at="2019-08-08T10:00:52Z" name="setUpClass" finished-at="2019-08-08T10:00:52Z" duration-ms="451" status="PASS">
          <reporter-output>
          </reporter-output>
        </test-method> <!-- setUpClass -->
        <test-method signature="feature(cucumber.api.testng.CucumberFeatureWrapper)[pri:0, instance:com.testautomation.TestRunner.TestRunner@6293abcc]" started-at="2019-08-08T10:00:52Z" name="feature" data-provider="features" finished-at="2019-08-08T10:02:29Z" duration-ms="96406" status="PASS">
          <params>
            <param index="0">
              <value>
                <![CDATA[Add a Bank Account]]>
              </value>
            </param>
          </params>
          <reporter-output>
          </reporter-output>
        </test-method> <!-- feature -->
        <test-method is-config="true" signature="tearDownClass()[pri:0, instance:com.testautomation.TestRunner.TestRunner@6293abcc]" started-at="2019-08-08T10:02:29Z" name="tearDownClass" finished-at="2019-08-08T10:02:47Z" duration-ms="18658" status="PASS">
          <reporter-output>
          </reporter-output>
        </test-method> <!-- tearDownClass -->
      </class> <!-- com.testautomation.TestRunner.TestRunner -->
    </test> <!-- Default test -->
  </suite> <!-- Default suite -->
</testng-results>
