<?xml version="1.0" encoding="UTF-8"?>
<testng-results ignored="0" total="1" passed="1" failed="0" skipped="0">
  <reporter-output>
  </reporter-output>
  <suite started-at="2019-08-01T08:39:36Z" name="BankAccount" finished-at="2019-08-01T08:40:20Z" duration-ms="44419">
    <groups>
    </groups>
    <test started-at="2019-08-01T08:39:36Z" name="AddBankAccount" finished-at="2019-08-01T08:40:20Z" duration-ms="44419">
      <class name="com.testautomation.TestRunner.TestRunner">
        <test-method is-config="true" signature="setUpClass()[pri:0, instance:com.testautomation.TestRunner.TestRunner@6293abcc]" started-at="2019-08-01T08:39:36Z" name="setUpClass" finished-at="2019-08-01T08:39:36Z" duration-ms="371" status="PASS">
          <reporter-output>
          </reporter-output>
        </test-method> <!-- setUpClass -->
        <test-method signature="feature(cucumber.api.testng.CucumberFeatureWrapper)[pri:0, instance:com.testautomation.TestRunner.TestRunner@6293abcc]" started-at="2019-08-01T08:39:36Z" name="feature" data-provider="features" finished-at="2019-08-01T08:40:19Z" duration-ms="43100" status="PASS">
          <params>
            <param index="0">
              <value>
                <![CDATA[Add a Bank Account]]>
              </value>
            </param>
          </params>
          <reporter-output>
          </reporter-output>
        </test-method> <!-- feature -->
        <test-method is-config="true" signature="tearDownClass()[pri:0, instance:com.testautomation.TestRunner.TestRunner@6293abcc]" started-at="2019-08-01T08:40:20Z" name="tearDownClass" finished-at="2019-08-01T08:40:20Z" duration-ms="731" status="PASS">
          <reporter-output>
          </reporter-output>
        </test-method> <!-- tearDownClass -->
      </class> <!-- com.testautomation.TestRunner.TestRunner -->
    </test> <!-- AddBankAccount -->
  </suite> <!-- BankAccount -->
</testng-results>
